\BOOKMARK [1][-]{section.1}{\376\377\000I\000N\000T\000R\000O\000D\000U\000C\000T\000I\000O\000N}{}% 1
\BOOKMARK [1][-]{section.2}{\376\377\000R\000E\000L\000A\000T\000E\000D\000\040\000W\000O\000R\000K}{}% 2
\BOOKMARK [1][-]{section.3}{\376\377\000P\000R\000E\000L\000I\000M\000I\000N\000A\000R\000Y}{}% 3
\BOOKMARK [2][-]{subsection.3.1}{\376\377\000G\000R\000U}{section.3}% 4
\BOOKMARK [2][-]{subsection.3.2}{\376\377\000S\000e\000l\000f\000-\000A\000t\000t\000e\000n\000t\000i\000o\000n}{section.3}% 5
\BOOKMARK [1][-]{section.4}{\376\377\000M\000E\000T\000H\000O\000D\000O\000L\000O\000G\000Y}{}% 6
\BOOKMARK [2][-]{subsection.4.1}{\376\377\000T\000r\000a\000n\000s\000f\000o\000r\000m\000e\000r\000\040\000E\000n\000c\000o\000d\000e\000r}{section.4}% 7
\BOOKMARK [2][-]{subsection.4.2}{\376\377\000M\000u\000l\000t\000i\000-\000H\000e\000a\000d\000\040\000A\000t\000t\000e\000n\000t\000i\000o\000n}{section.4}% 8
\BOOKMARK [2][-]{subsection.4.3}{\376\377\000A\000d\000d\000\040\000\046\000\040\000N\000o\000r\000m}{section.4}% 9
\BOOKMARK [2][-]{subsection.4.4}{\376\377\000F\000e\000e\000d\000f\000o\000r\000w\000a\000r\000d\000\040\000N\000e\000t\000w\000o\000r\000k}{section.4}% 10
\BOOKMARK [2][-]{subsection.4.5}{\376\377\000P\000o\000s\000i\000t\000i\000o\000n\000a\000l\000\040\000E\000n\000c\000o\000d\000i\000n\000g}{section.4}% 11
\BOOKMARK [1][-]{section.5}{\376\377\000E\000X\000P\000E\000R\000I\000M\000E\000N\000T\000S}{}% 12
\BOOKMARK [2][-]{subsection.5.1}{\376\377\000D\000a\000t\000a\000s\000e\000t}{section.5}% 13
\BOOKMARK [2][-]{subsection.5.2}{\376\377\000B\000a\000s\000e\000l\000i\000n\000e\000\040\000a\000n\000d\000\040\000m\000e\000t\000r\000i\000c\000s}{section.5}% 14
\BOOKMARK [2][-]{subsection.5.3}{\376\377\000M\000u\000l\000t\000i\000h\000e\000a\000d\000A\000t\000t\000e\000n\000t\000i\000o\000n\000\040\000l\000a\000y\000e\000r\000\040\000l\000a\000y\000e\000r}{section.5}% 15
\BOOKMARK [2][-]{subsection.5.4}{\376\377\000T\000r\000a\000n\000s\000f\000o\000r\000m\000e\000r\000E\000n\000c\000o\000d\000e\000r\000\040\000l\000a\000y\000e\000r}{section.5}% 16
\BOOKMARK [3][-]{subsubsection.5.4.1}{\376\377\000D\000i\000m\000\137\000F\000e\000e\000d\000f\000o\000r\000w\000a\000r\000d\000\040\000E\000x\000p\000e\000r\000i\000m\000e\000n\000t}{subsection.5.4}% 17
\BOOKMARK [3][-]{subsubsection.5.4.2}{\376\377\000M\000u\000l\000t\000i\000-\000H\000e\000a\000d\000\040\000E\000x\000p\000e\000r\000i\000m\000e\000n\000t}{subsection.5.4}% 18
\BOOKMARK [3][-]{subsubsection.5.4.3}{\376\377\000N\000u\000m\000-\000L\000a\000y\000e\000r\000s\000\040\000E\000x\000p\000e\000r\000i\000m\000e\000n\000t}{subsection.5.4}% 19
\BOOKMARK [2][-]{subsection.5.5}{\376\377\000M\000u\000l\000t\000i\000-\000H\000e\000a\000d\000\040\000A\000t\000t\000e\000n\000t\000i\000o\000n\000\040\000+\000\040\000E\000O\000P\000A\000\040\000l\000a\000y\000e\000r}{section.5}% 20
\BOOKMARK [2][-]{subsection.5.6}{\376\377\000R\000e\000a\000d\000o\000u\000t\000\040\000L\000a\000y\000e\000r\000\040\000E\000x\000p\000l\000o\000r\000a\000t\000i\000o\000n}{section.5}% 21
\BOOKMARK [2][-]{subsection.5.7}{\376\377\000S\000G\000A\000T\000\040\000L\000a\000y\000e\000r\000\040\000E\000x\000p\000l\000o\000r\000a\000t\000i\000o\000n}{section.5}% 22
\BOOKMARK [1][-]{section.6}{\376\377\000C\000O\000N\000C\000L\000U\000S\000I\000O\000N}{}% 23
